#
# There is insufficient memory for the Java Runtime Environment to continue.
# Native memory allocation (malloc) failed to allocate 1769696 bytes for Chunk::new
# Possible reasons:
#   The system is out of physical RAM or swap space
#   In 32 bit mode, the process size limit was hit
# Possible solutions:
#   Reduce memory load on the system
#   Increase physical memory or swap space
#   Check if swap backing store is full
#   Use 64 bit Java on a 64 bit OS
#   Decrease Java heap size (-Xmx/-Xms)
#   Decrease number of Java threads
#   Decrease Java thread stack sizes (-Xss)
#   Set larger code cache with -XX:ReservedCodeCacheSize=
# This output file may be truncated or incomplete.
#
#  Out of Memory Error (allocation.cpp:390), pid=2372, tid=5316
#
# JRE version: Java(TM) SE Runtime Environment (8.0_65-b17) (build 1.8.0_65-b17)
# Java VM: Java HotSpot(TM) 64-Bit Server VM (25.65-b01 mixed mode windows-amd64 compressed oops)
# Failed to write core dump. Minidumps are not enabled by default on client versions of Windows
#

---------------  T H R E A D  ---------------

Current thread (0x0000000014da8800):  JavaThread "C2 CompilerThread0" daemon [_thread_in_native, id=5316, stack(0x0000000015dc0000,0x0000000015ec0000)]

Stack: [0x0000000015dc0000,0x0000000015ec0000]
[error occurred during error reporting (printing stack bounds), id 0xc0000005]

Native frames: (J=compiled Java code, j=interpreted, Vv=VM code, C=native code)


Current CompileTask:
C2:   8855 2121   !   4       org.codehaus.plexus.interpolation.StringSearchInterpolator::interpolate (665 bytes)


---------------  P R O C E S S  ---------------

Java Threads: ( => current thread )
  0x0000000014e27800 JavaThread "Service Thread" daemon [_thread_blocked, id=2324, stack(0x0000000015fc0000,0x00000000160c0000)]
  0x0000000014db0000 JavaThread "C1 CompilerThread1" daemon [_thread_blocked, id=3028, stack(0x0000000015ec0000,0x0000000015fc0000)]
=>0x0000000014da8800 JavaThread "C2 CompilerThread0" daemon [_thread_in_native, id=5316, stack(0x0000000015dc0000,0x0000000015ec0000)]
  0x0000000014da7800 JavaThread "Attach Listener" daemon [_thread_blocked, id=11048, stack(0x0000000015cc0000,0x0000000015dc0000)]
  0x0000000014da6000 JavaThread "Signal Dispatcher" daemon [_thread_blocked, id=8620, stack(0x0000000015bc0000,0x0000000015cc0000)]
  0x0000000002962000 JavaThread "Finalizer" daemon [_thread_blocked, id=1948, stack(0x00000000159e0000,0x0000000015ae0000)]
  0x000000000295b000 JavaThread "Reference Handler" daemon [_thread_blocked, id=2680, stack(0x00000000158e0000,0x00000000159e0000)]
  0x000000000286d800 JavaThread "main" [_thread_in_native, id=2248, stack(0x0000000002700000,0x0000000002800000)]

Other Threads:
  0x0000000014d76000 VMThread [stack: 0x00000000157e0000,0x00000000158e0000] [id=5176]
  0x0000000014e30000 WatcherThread [stack: 0x00000000160c0000,0x00000000161c0000] [id=4504]

VM state:not at safepoint (normal execution)

VM Mutex/Monitor currently owned by a thread: None

Heap:
 PSYoungGen      total 35328K, used 24160K [0x00000000ead80000, 0x00000000ed280000, 0x0000000100000000)
  eden space 32768K, 66% used [0x00000000ead80000,0x00000000ec2a0180,0x00000000ecd80000)
  from space 2560K, 98% used [0x00000000ecd80000,0x00000000ecff8020,0x00000000ed000000)
  to   space 2560K, 0% used [0x00000000ed000000,0x00000000ed000000,0x00000000ed280000)
 ParOldGen       total 44032K, used 8291K [0x00000000c0800000, 0x00000000c3300000, 0x00000000ead80000)
  object space 44032K, 18% used [0x00000000c0800000,0x00000000c1018d58,0x00000000c3300000)
 Metaspace       used 13098K, capacity 13354K, committed 13440K, reserved 1060864K
  class space    used 1579K, capacity 1655K, committed 1664K, reserved 1048576K

Card table byte_map: [0x0000000011d30000,0x0000000011f30000] byte_map_base: 0x000000001172c000

Marking Bits: (ParMarkBitMap*) 0x0000000068f3a5b0
 Begin Bits: [0x0000000012290000, 0x0000000013270000)
 End Bits:   [0x0000000013270000, 0x0000000014250000)

Polling page: 0x0000000000c70000

CodeCache: size=245760Kb used=7423Kb max_used=7423Kb free=238336Kb
 bounds [0x0000000002970000, 0x00000000030c0000, 0x0000000011970000]
 total_blobs=2465 nmethods=2148 adapters=231
 compilation: enabled

Compilation events (10 events):
Event: 8.766 Thread 0x0000000014db0000 2146       3       org.apache.maven.model.merge.ModelMerger::mergeRepositoryBase_Name (41 bytes)
Event: 8.767 Thread 0x0000000014db0000 nmethod 2146 0x00000000030b1dd0 code [0x00000000030b1fc0, 0x00000000030b2b38]
Event: 8.767 Thread 0x0000000014db0000 2147       3       org.apache.maven.model.merge.ModelMerger::mergeRepositoryBase_Url (41 bytes)
Event: 8.768 Thread 0x0000000014db0000 nmethod 2147 0x00000000030b3010 code [0x00000000030b3200, 0x00000000030b3d78]
Event: 8.768 Thread 0x0000000014db0000 2148       3       org.apache.maven.model.merge.ModelMerger::mergeRepositoryBase_Layout (43 bytes)
Event: 8.769 Thread 0x0000000014db0000 nmethod 2148 0x00000000030b4250 code [0x00000000030b4440, 0x00000000030b4fb8]
Event: 8.770 Thread 0x0000000014db0000 2149       3       java.util.RegularEnumSet::contains (57 bytes)
Event: 8.770 Thread 0x0000000014db0000 nmethod 2149 0x00000000030b5490 code [0x00000000030b5620, 0x00000000030b5bc8]
Event: 8.771 Thread 0x0000000014db0000 2150       1       org.sonatype.aether.impl.internal.DefaultDependencyCollectionContext::getDependency (5 bytes)
Event: 8.771 Thread 0x0000000014db0000 nmethod 2150 0x00000000030b5d10 code [0x00000000030b5e60, 0x00000000030b5f70]

GC Heap History (10 events):
Event: 1.836 GC heap before
{Heap before GC invocations=1 (full 0):
 PSYoungGen      total 18944K, used 16384K [0x00000000ead80000, 0x00000000ec280000, 0x0000000100000000)
  eden space 16384K, 100% used [0x00000000ead80000,0x00000000ebd80000,0x00000000ebd80000)
  from space 2560K, 0% used [0x00000000ec000000,0x00000000ec000000,0x00000000ec280000)
  to   space 2560K, 0% used [0x00000000ebd80000,0x00000000ebd80000,0x00000000ec000000)
 ParOldGen       total 44032K, used 0K [0x00000000c0800000, 0x00000000c3300000, 0x00000000ead80000)
  object space 44032K, 0% used [0x00000000c0800000,0x00000000c0800000,0x00000000c3300000)
 Metaspace       used 6698K, capacity 6824K, committed 7040K, reserved 1056768K
  class space    used 816K, capacity 892K, committed 896K, reserved 1048576K
Event: 1.843 GC heap after
Heap after GC invocations=1 (full 0):
 PSYoungGen      total 18944K, used 2529K [0x00000000ead80000, 0x00000000ec280000, 0x0000000100000000)
  eden space 16384K, 0% used [0x00000000ead80000,0x00000000ead80000,0x00000000ebd80000)
  from space 2560K, 98% used [0x00000000ebd80000,0x00000000ebff8688,0x00000000ec000000)
  to   space 2560K, 0% used [0x00000000ec000000,0x00000000ec000000,0x00000000ec280000)
 ParOldGen       total 44032K, used 673K [0x00000000c0800000, 0x00000000c3300000, 0x00000000ead80000)
  object space 44032K, 1% used [0x00000000c0800000,0x00000000c08a84d8,0x00000000c3300000)
 Metaspace       used 6698K, capacity 6824K, committed 7040K, reserved 1056768K
  class space    used 816K, capacity 892K, committed 896K, reserved 1048576K
}
Event: 2.413 GC heap before
{Heap before GC invocations=2 (full 0):
 PSYoungGen      total 18944K, used 18913K [0x00000000ead80000, 0x00000000ec280000, 0x0000000100000000)
  eden space 16384K, 100% used [0x00000000ead80000,0x00000000ebd80000,0x00000000ebd80000)
  from space 2560K, 98% used [0x00000000ebd80000,0x00000000ebff8688,0x00000000ec000000)
  to   space 2560K, 0% used [0x00000000ec000000,0x00000000ec000000,0x00000000ec280000)
 ParOldGen       total 44032K, used 673K [0x00000000c0800000, 0x00000000c3300000, 0x00000000ead80000)
  object space 44032K, 1% used [0x00000000c0800000,0x00000000c08a84d8,0x00000000c3300000)
 Metaspace       used 7651K, capacity 7790K, committed 7936K, reserved 1056768K
  class space    used 960K, capacity 1021K, committed 1024K, reserved 1048576K
Event: 2.421 GC heap after
Heap after GC invocations=2 (full 0):
 PSYoungGen      total 18944K, used 2520K [0x00000000ead80000, 0x00000000ec280000, 0x0000000100000000)
  eden space 16384K, 0% used [0x00000000ead80000,0x00000000ead80000,0x00000000ebd80000)
  from space 2560K, 98% used [0x00000000ec000000,0x00000000ec2763f0,0x00000000ec280000)
  to   space 2560K, 0% used [0x00000000ebd80000,0x00000000ebd80000,0x00000000ec000000)
 ParOldGen       total 44032K, used 681K [0x00000000c0800000, 0x00000000c3300000, 0x00000000ead80000)
  object space 44032K, 1% used [0x00000000c0800000,0x00000000c08aa4d8,0x00000000c3300000)
 Metaspace       used 7651K, capacity 7790K, committed 7936K, reserved 1056768K
  class space    used 960K, capacity 1021K, committed 1024K, reserved 1048576K
}
Event: 3.062 GC heap before
{Heap before GC invocations=3 (full 0):
 PSYoungGen      total 18944K, used 18904K [0x00000000ead80000, 0x00000000ec280000, 0x0000000100000000)
  eden space 16384K, 100% used [0x00000000ead80000,0x00000000ebd80000,0x00000000ebd80000)
  from space 2560K, 98% used [0x00000000ec000000,0x00000000ec2763f0,0x00000000ec280000)
  to   space 2560K, 0% used [0x00000000ebd80000,0x00000000ebd80000,0x00000000ec000000)
 ParOldGen       total 44032K, used 681K [0x00000000c0800000, 0x00000000c3300000, 0x00000000ead80000)
  object space 44032K, 1% used [0x00000000c0800000,0x00000000c08aa4d8,0x00000000c3300000)
 Metaspace       used 9667K, capacity 9832K, committed 10112K, reserved 1058816K
  class space    used 1236K, capacity 1313K, committed 1408K, reserved 1048576K
Event: 3.077 GC heap after
Heap after GC invocations=3 (full 0):
 PSYoungGen      total 18944K, used 2544K [0x00000000ead80000, 0x00000000ed280000, 0x0000000100000000)
  eden space 16384K, 0% used [0x00000000ead80000,0x00000000ead80000,0x00000000ebd80000)
  from space 2560K, 99% used [0x00000000ebd80000,0x00000000ebffc010,0x00000000ec000000)
  to   space 2560K, 0% used [0x00000000ed000000,0x00000000ed000000,0x00000000ed280000)
 ParOldGen       total 44032K, used 2286K [0x00000000c0800000, 0x00000000c3300000, 0x00000000ead80000)
  object space 44032K, 5% used [0x00000000c0800000,0x00000000c0a3bb20,0x00000000c3300000)
 Metaspace       used 9667K, capacity 9832K, committed 10112K, reserved 1058816K
  class space    used 1236K, capacity 1313K, committed 1408K, reserved 1048576K
}
Event: 4.540 GC heap before
{Heap before GC invocations=4 (full 0):
 PSYoungGen      total 18944K, used 18928K [0x00000000ead80000, 0x00000000ed280000, 0x0000000100000000)
  eden space 16384K, 100% used [0x00000000ead80000,0x00000000ebd80000,0x00000000ebd80000)
  from space 2560K, 99% used [0x00000000ebd80000,0x00000000ebffc010,0x00000000ec000000)
  to   space 2560K, 0% used [0x00000000ed000000,0x00000000ed000000,0x00000000ed280000)
 ParOldGen       total 44032K, used 2286K [0x00000000c0800000, 0x00000000c3300000, 0x00000000ead80000)
  object space 44032K, 5% used [0x00000000c0800000,0x00000000c0a3bb20,0x00000000c3300000)
 Metaspace       used 12151K, capacity 12384K, committed 12672K, reserved 1060864K
  class space    used 1490K, capacity 1548K, committed 1664K, reserved 1048576K
Event: 4.570 GC heap after
Heap after GC invocations=4 (full 0):
 PSYoungGen      total 35328K, used 2560K [0x00000000ead80000, 0x00000000ed280000, 0x0000000100000000)
  eden space 32768K, 0% used [0x00000000ead80000,0x00000000ead80000,0x00000000ecd80000)
  from space 2560K, 100% used [0x00000000ed000000,0x00000000ed280000,0x00000000ed280000)
  to   space 2560K, 0% used [0x00000000ecd80000,0x00000000ecd80000,0x00000000ed000000)
 ParOldGen       total 44032K, used 5307K [0x00000000c0800000, 0x00000000c3300000, 0x00000000ead80000)
  object space 44032K, 12% used [0x00000000c0800000,0x00000000c0d2ef60,0x00000000c3300000)
 Metaspace       used 12151K, capacity 12384K, committed 12672K, reserved 1060864K
  class space    used 1490K, capacity 1548K, committed 1664K, reserved 1048576K
}
Event: 7.445 GC heap before
{Heap before GC invocations=5 (full 0):
 PSYoungGen      total 35328K, used 35328K [0x00000000ead80000, 0x00000000ed280000, 0x0000000100000000)
  eden space 32768K, 100% used [0x00000000ead80000,0x00000000ecd80000,0x00000000ecd80000)
  from space 2560K, 100% used [0x00000000ed000000,0x00000000ed280000,0x00000000ed280000)
  to   space 2560K, 0% used [0x00000000ecd80000,0x00000000ecd80000,0x00000000ed000000)
 ParOldGen       total 44032K, used 5307K [0x00000000c0800000, 0x00000000c3300000, 0x00000000ead80000)
  object space 44032K, 12% used [0x00000000c0800000,0x00000000c0d2ef60,0x00000000c3300000)
 Metaspace       used 12615K, capacity 12818K, committed 13184K, reserved 1060864K
  class space    used 1527K, capacity 1583K, committed 1664K, reserved 1048576K
Event: 7.468 GC heap after
Heap after GC invocations=5 (full 0):
 PSYoungGen      total 35328K, used 2528K [0x00000000ead80000, 0x00000000ed280000, 0x0000000100000000)
  eden space 32768K, 0% used [0x00000000ead80000,0x00000000ead80000,0x00000000ecd80000)
  from space 2560K, 98% used [0x00000000ecd80000,0x00000000ecff8020,0x00000000ed000000)
  to   space 2560K, 0% used [0x00000000ed000000,0x00000000ed000000,0x00000000ed280000)
 ParOldGen       total 44032K, used 8291K [0x00000000c0800000, 0x00000000c3300000, 0x00000000ead80000)
  object space 44032K, 18% used [0x00000000c0800000,0x00000000c1018d58,0x00000000c3300000)
 Metaspace       used 12615K, capacity 12818K, committed 13184K, reserved 1060864K
  class space    used 1527K, capacity 1583K, committed 1664K, reserved 1048576K
}

Deoptimization events (10 events):
Event: 7.720 Thread 0x000000000286d800 Uncommon trap: reason=unstable_if action=reinterpret pc=0x0000000002f7d6dc method=org.apache.maven.model.ConfigurationContainer.getLocation(Ljava/lang/Object;)Lorg/apache/maven/model/InputLocation; @ 4
Event: 7.876 Thread 0x000000000286d800 Uncommon trap: reason=bimorphic action=maybe_recompile pc=0x0000000002f595ac method=java.util.regex.Pattern$Curly.match0(Ljava/util/regex/Matcher;IILjava/lang/CharSequence;)Z @ 170
Event: 7.876 Thread 0x000000000286d800 Uncommon trap: reason=bimorphic action=maybe_recompile pc=0x0000000002f595ac method=java.util.regex.Pattern$Curly.match0(Ljava/util/regex/Matcher;IILjava/lang/CharSequence;)Z @ 170
Event: 7.879 Thread 0x000000000286d800 Uncommon trap: reason=bimorphic action=maybe_recompile pc=0x0000000002f595ac method=java.util.regex.Pattern$Curly.match0(Ljava/util/regex/Matcher;IILjava/lang/CharSequence;)Z @ 170
Event: 7.879 Thread 0x000000000286d800 Uncommon trap: reason=bimorphic action=maybe_recompile pc=0x0000000002f595ac method=java.util.regex.Pattern$Curly.match0(Ljava/util/regex/Matcher;IILjava/lang/CharSequence;)Z @ 170
Event: 8.269 Thread 0x000000000286d800 Uncommon trap: reason=intrinsic action=make_not_entrant pc=0x0000000002fa9824 method=org.apache.maven.model.Dependency.getManagementKey()Ljava/lang/String; @ 0
Event: 8.507 Thread 0x000000000286d800 Uncommon trap: reason=bimorphic action=maybe_recompile pc=0x0000000002df4b40 method=java.util.concurrent.ConcurrentHashMap.get(Ljava/lang/Object;)Ljava/lang/Object; @ 149
Event: 8.512 Thread 0x000000000286d800 Uncommon trap: reason=bimorphic action=maybe_recompile pc=0x0000000002df4b40 method=java.util.concurrent.ConcurrentHashMap.get(Ljava/lang/Object;)Ljava/lang/Object; @ 149
Event: 8.528 Thread 0x000000000286d800 Uncommon trap: reason=bimorphic action=maybe_recompile pc=0x0000000002df4b40 method=java.util.concurrent.ConcurrentHashMap.get(Ljava/lang/Object;)Ljava/lang/Object; @ 149
Event: 8.618 Thread 0x000000000286d800 Uncommon trap: reason=bimorphic action=maybe_recompile pc=0x0000000002df4b40 method=java.util.concurrent.ConcurrentHashMap.get(Ljava/lang/Object;)Ljava/lang/Object; @ 149

Internal exceptions (10 events):
Event: 2.105 Thread 0x000000000286d800 Exception <a 'java/lang/ArrayIndexOutOfBoundsException'> (0x00000000eb8e5cb8) thrown at [C:\workspace\8-2-build-windows-amd64-cygwin\jdk8u65\4987\hotspot\src\share\vm\runtime\sharedRuntime.cpp, line 605]
Event: 2.133 Thread 0x000000000286d800 Exception <a 'java/lang/ArrayIndexOutOfBoundsException'> (0x00000000eb8e7960) thrown at [C:\workspace\8-2-build-windows-amd64-cygwin\jdk8u65\4987\hotspot\src\share\vm\runtime\sharedRuntime.cpp, line 605]
Event: 2.430 Thread 0x000000000286d800 Exception <a 'java/lang/NoClassDefFoundError': org/slf4j/Logger> (0x00000000eada54a8) thrown at [C:\workspace\8-2-build-windows-amd64-cygwin\jdk8u65\4987\hotspot\src\share\vm\classfile\systemDictionary.cpp, line 199]
Event: 2.564 Thread 0x000000000286d800 Exception <a 'java/lang/NoClassDefFoundError': org/slf4j/LoggerFactory> (0x00000000eb068fc8) thrown at [C:\workspace\8-2-build-windows-amd64-cygwin\jdk8u65\4987\hotspot\src\share\vm\classfile\systemDictionary.cpp, line 199]
Event: 2.564 Thread 0x000000000286d800 Exception <a 'java/lang/NoClassDefFoundError'> (0x00000000eb068fc8) thrown at [C:\workspace\8-2-build-windows-amd64-cygwin\jdk8u65\4987\hotspot\src\share\vm\oops\instanceKlass.cpp, line 945]
Event: 4.214 Thread 0x000000000286d800 Implicit null exception at 0x0000000002d0cbd5 to 0x0000000002d0cdad
Event: 4.214 Thread 0x000000000286d800 Implicit null exception at 0x0000000002c8812f to 0x0000000002c88199
Event: 4.689 Thread 0x000000000286d800 Implicit null exception at 0x0000000002e1f69c to 0x0000000002e20669
Event: 7.332 Thread 0x000000000286d800 Implicit null exception at 0x0000000002ce277b to 0x0000000002ce2e69
Event: 7.631 Thread 0x000000000286d800 Exception <a 'java/lang/NoClassDefFoundError': org/slf4j/Logger> (0x00000000eaf135e8) thrown at [C:\workspace\8-2-build-windows-amd64-cygwin\jdk8u65\4987\hotspot\src\share\vm\oops\constantPool.cpp, line 235]

Events (10 events):
Event: 8.507 Thread 0x000000000286d800 DEOPT UNPACKING pc=0x00000000029b556a sp=0x00000000027fda18 mode 2
Event: 8.512 Thread 0x000000000286d800 Uncommon trap: trap_request=0xffffffc6 fr.pc=0x0000000002df4b40
Event: 8.512 Thread 0x000000000286d800 DEOPT PACKING pc=0x0000000002df4b40 sp=0x00000000027fd940
Event: 8.512 Thread 0x000000000286d800 DEOPT UNPACKING pc=0x00000000029b556a sp=0x00000000027fd8b8 mode 2
Event: 8.528 Thread 0x000000000286d800 Uncommon trap: trap_request=0xffffffc6 fr.pc=0x0000000002df4b40
Event: 8.528 Thread 0x000000000286d800 DEOPT PACKING pc=0x0000000002df4b40 sp=0x00000000027fd7d0
Event: 8.528 Thread 0x000000000286d800 DEOPT UNPACKING pc=0x00000000029b556a sp=0x00000000027fd748 mode 2
Event: 8.618 Thread 0x000000000286d800 Uncommon trap: trap_request=0xffffffc6 fr.pc=0x0000000002df4b40
Event: 8.618 Thread 0x000000000286d800 DEOPT PACKING pc=0x0000000002df4b40 sp=0x00000000027fd940
Event: 8.619 Thread 0x000000000286d800 DEOPT UNPACKING pc=0x00000000029b556a sp=0x00000000027fd8b8 mode 2


Dynamic libraries:
0x00007ff7dd920000 - 0x00007ff7dd957000 	C:\Program Files\Java\jdk1.8.0_65\bin\java.exe
0x00007ffbb6560000 - 0x00007ffbb6721000 	C:\WINDOWS\SYSTEM32\ntdll.dll
0x00007ffbb3f90000 - 0x00007ffbb403d000 	C:\WINDOWS\system32\KERNEL32.DLL
0x00007ffbb3940000 - 0x00007ffbb3b1d000 	C:\WINDOWS\system32\KERNELBASE.dll
0x00007ffbb6080000 - 0x00007ffbb6126000 	C:\WINDOWS\system32\ADVAPI32.dll
0x00007ffbb6310000 - 0x00007ffbb63ad000 	C:\WINDOWS\system32\msvcrt.dll
0x00007ffbb3f30000 - 0x00007ffbb3f8b000 	C:\WINDOWS\system32\sechost.dll
0x00007ffbb6190000 - 0x00007ffbb62b6000 	C:\WINDOWS\system32\RPCRT4.dll
0x00007ffbb47c0000 - 0x00007ffbb490e000 	C:\WINDOWS\system32\USER32.dll
0x00007ffbb4620000 - 0x00007ffbb47a6000 	C:\WINDOWS\system32\GDI32.dll
0x00007ffbac240000 - 0x00007ffbac4b4000 	C:\WINDOWS\WinSxS\amd64_microsoft.windows.common-controls_6595b64144ccf1df_6.0.10240.16384_none_f41f7b285750ef43\COMCTL32.dll
0x00007ffbb62d0000 - 0x00007ffbb6306000 	C:\WINDOWS\system32\IMM32.DLL
0x00007ffbb41e0000 - 0x00007ffbb433c000 	C:\WINDOWS\system32\MSCTF.dll
0x0000000068650000 - 0x0000000068722000 	C:\Program Files\Java\jdk1.8.0_65\jre\bin\msvcr100.dll
0x0000000068730000 - 0x0000000068fb9000 	C:\Program Files\Java\jdk1.8.0_65\jre\bin\server\jvm.dll
0x00007ffbb62c0000 - 0x00007ffbb62c8000 	C:\WINDOWS\system32\PSAPI.DLL
0x00007ffbb1750000 - 0x00007ffbb1759000 	C:\WINDOWS\SYSTEM32\WSOCK32.dll
0x00007ffbb1690000 - 0x00007ffbb16b3000 	C:\WINDOWS\SYSTEM32\WINMM.dll
0x00007ffbb6010000 - 0x00007ffbb6079000 	C:\WINDOWS\system32\WS2_32.dll
0x00007ffbb47b0000 - 0x00007ffbb47b8000 	C:\WINDOWS\system32\NSI.dll
0x00007ffbb0430000 - 0x00007ffbb043a000 	C:\WINDOWS\SYSTEM32\VERSION.dll
0x00007ffbb1630000 - 0x00007ffbb165c000 	C:\WINDOWS\SYSTEM32\WINMMBASE.dll
0x00007ffbb3be0000 - 0x00007ffbb3c24000 	C:\WINDOWS\system32\cfgmgr32.dll
0x00007ffbb1900000 - 0x00007ffbb1927000 	C:\WINDOWS\SYSTEM32\DEVOBJ.dll
0x0000000068600000 - 0x000000006860f000 	C:\Program Files\Java\jdk1.8.0_65\jre\bin\verify.dll
0x00000000685d0000 - 0x00000000685f9000 	C:\Program Files\Java\jdk1.8.0_65\jre\bin\java.dll
0x00000000685b0000 - 0x00000000685c6000 	C:\Program Files\Java\jdk1.8.0_65\jre\bin\zip.dll
0x00007ffbb4910000 - 0x00007ffbb5e32000 	C:\WINDOWS\system32\SHELL32.dll
0x00007ffbb3310000 - 0x00007ffbb3938000 	C:\WINDOWS\system32\windows.storage.dll
0x00007ffbb4340000 - 0x00007ffbb45bc000 	C:\WINDOWS\system32\combase.dll
0x00007ffbb45c0000 - 0x00007ffbb4611000 	C:\WINDOWS\system32\shlwapi.dll
0x00007ffbb2f90000 - 0x00007ffbb2f9f000 	C:\WINDOWS\system32\kernel.appcore.dll
0x00007ffbb3b20000 - 0x00007ffbb3bd3000 	C:\WINDOWS\system32\shcore.dll
0x00007ffbb2fa0000 - 0x00007ffbb2fea000 	C:\WINDOWS\system32\powrprof.dll
0x00007ffbb2ff0000 - 0x00007ffbb3003000 	C:\WINDOWS\system32\profapi.dll
0x0000000068590000 - 0x00000000685aa000 	C:\Program Files\Java\jdk1.8.0_65\jre\bin\net.dll
0x00007ffbb27c0000 - 0x00007ffbb281d000 	C:\WINDOWS\system32\mswsock.dll
0x0000000068570000 - 0x0000000068581000 	C:\Program Files\Java\jdk1.8.0_65\jre\bin\nio.dll

VM Arguments:
jvm_args: -Dclassworlds.conf=C:\Program Files\NetBeans 8.1\java\maven\bin\m2.conf -Dmaven.home=C:\Program Files\NetBeans 8.1\java\maven 
java_command: org.codehaus.plexus.classworlds.launcher.Launcher -Dmaven.ext.class.path=C:\Program Files\NetBeans 8.1\java\maven-nblib\netbeans-eventspy.jar -Dfile.encoding=UTF-8 clean install
java_class_path (initial): C:\Program Files\NetBeans 8.1\java\maven\boot\plexus-classworlds-2.4.jar
Launcher Type: SUN_STANDARD

Environment Variables:
JAVA_HOME=C:\Program Files\Java\jdk1.8.0_65
PATH=C:\ProgramData\Oracle\Java\javapath;C:\WINDOWS\system32;C:\WINDOWS;C:\WINDOWS\System32\Wbem;C:\WINDOWS\System32\WindowsPowerShell\v1.0\;C:\Program Files (x86)\Skype\Phone\;%M2_HOME%\bin;C:\Program Files\Java\jdk1.8.0_65;C:\Program Files\Apache Software Foundation\apache-maven-3.3.3\bin
USERNAME=Natasa
OS=Windows_NT
PROCESSOR_IDENTIFIER=Intel64 Family 6 Model 23 Stepping 10, GenuineIntel



---------------  S Y S T E M  ---------------

OS: Windows 10.0 , 64 bit Build 10240 (10.0.10240.16384)

CPU:total 2 (2 cores per cpu, 1 threads per core) family 6 model 23 stepping 10, cmov, cx8, fxsr, mmx, sse, sse2, sse3, ssse3, sse4.1, tsc

Memory: 4k page, physical 4160548k(515464k free), swap 5597220k(5880k free)

vm_info: Java HotSpot(TM) 64-Bit Server VM (25.65-b01) for windows-amd64 JRE (1.8.0_65-b17), built on Oct  6 2015 16:39:20 by "java_re" with MS VC++ 10.0 (VS2010)

time: Sat Nov 14 20:42:38 2015
elapsed time: 8 seconds (0d 0h 0m 8s)

